<?xml version="1.0" encoding="UTF-8"?>
<testsuite xmlns:xsi="http://www.w3.org/2001/XMLSchema-instance" xsi:noNamespaceSchemaLocation="https://maven.apache.org/surefire/maven-surefire-plugin/xsd/surefire-test-report.xsd" name="edu.uwb.css533.service.resources.UserResourcesTest" time="0.711" tests="4" errors="0" skipped="0" failures="0">
  <properties>
[...]
</properties>
  <testcase name="addUser" classname="edu.uwb.css533.service.resources.UserResourcesTest" time="0.428"/>
  <testcase name="resetPassword" classname="edu.uwb.css533.service.resources.UserResourcesTest" time="0.101"/>
  <testcase name="logIn" classname="edu.uwb.css533.service.resources.UserResourcesTest" time="0.094"/>
  <testcase name="dbCheck" classname="edu.uwb.css533.service.resources.UserResourcesTest" time="0.08"/>
</testsuite>